[debug] [2018-11-27T19:57:45.430Z] ----------------------------------------------------------------------
[debug] [2018-11-27T19:57:45.432Z] Command:       /Users/lukasgrossmann/.nvm/versions/node/v10.1.0/bin/node /Users/lukasgrossmann/.nvm/versions/node/v10.1.0/bin/firebase serve
[debug] [2018-11-27T19:57:45.432Z] CLI Version:   6.1.0
[debug] [2018-11-27T19:57:45.432Z] Platform:      darwin
[debug] [2018-11-27T19:57:45.432Z] Node Version:  v10.1.0
[debug] [2018-11-27T19:57:45.432Z] Time:          Tue Nov 27 2018 20:57:45 GMT+0100 (CET)
[debug] [2018-11-27T19:57:45.433Z] ----------------------------------------------------------------------
[debug] 
[debug] [2018-11-27T19:57:45.446Z] > command requires scopes: ["email","openid","https://www.googleapis.com/auth/cloudplatformprojects.readonly","https://www.googleapis.com/auth/firebase","https://www.googleapis.com/auth/cloud-platform"]
[debug] [2018-11-27T19:57:45.446Z] > authorizing via signed-in user
[debug] [2018-11-27T19:57:45.447Z] [iam] checking project eede-d8ccf for permissions ["firebase.projects.get"]
[debug] [2018-11-27T19:57:45.448Z] >>> HTTP REQUEST POST https://cloudresourcemanager.googleapis.com/v1/projects/eede-d8ccf:testIamPermissions  

[debug] [2018-11-27T19:57:46.330Z] <<< HTTP RESPONSE 200
[debug] [2018-11-27T19:57:46.332Z] >>> HTTP REQUEST GET https://cloudresourcemanager.googleapis.com/v1/projects/eede-d8ccf  
 
[debug] [2018-11-27T19:57:46.562Z] <<< HTTP RESPONSE 200
[info] 
[info] === Serving from '/Users/lukasgrossmann/Data/luckyg/GIT/website_eede'...
[info] 
[info] i  functions: Preparing to emulate functions.
[debug] [2018-11-27T19:57:47.199Z] Fetching environment
[debug] [2018-11-27T19:57:47.201Z] >>> HTTP REQUEST GET https://mobilesdk-pa.googleapis.com/v1/projects/289741280681:getServerAppConfig  
 
[debug] [2018-11-27T19:57:47.202Z] >>> HTTP REQUEST GET https://mobilesdk-pa.googleapis.com/v1/projects/289741280681/clients/_:getWebAppConfig  
 
[debug] [2018-11-27T19:57:47.431Z] <<< HTTP RESPONSE 200
[debug] [2018-11-27T19:57:47.431Z] Starting @google-cloud/functions-emulator
[debug] [2018-11-27T19:57:47.545Z] <<< HTTP RESPONSE 200
[info] i  hosting: Serving hosting files from: public
[info] ✔  hosting: Local server: http://localhost:5000
[debug] [2018-11-27T19:57:48.475Z] Parsing function triggers
[info] ✔  functions: addMessage: http://localhost:5001/eede-d8ccf/us-central1/addMessage
